
Due to MODULEPATH changes, the following have been reloaded:
  1) mii/1.1.2

The following have been reloaded with a version change:
  1) StdEnv/2023 => StdEnv/2020
  2) blis/0.9.0 => blis/0.8.1
  3) flexiblas/3.3.1 => flexiblas/3.0.4
  4) gcccore/.12.3 => gcccore/.9.3.0
  5) gentoo/2023 => gentoo/2020
  6) libfabric/1.18.0 => libfabric/1.10.1
  7) openmpi/4.1.5 => openmpi/4.0.3
  8) pmix/4.2.4 => pmix/3.1.5
  9) ucx/1.14.1 => ucx/1.8.0

Start...
Batch size: 40
Time:  1003.7046020030975
Batch size: 41
Time:  991.8142123222351
Batch size: 42
Time:  1010.6591832637787
Batch size: 43
Time:  1009.1602437496185
Batch size: 44
Time:  1000.646354675293
Batch size: 45
Time:  1001.1401553153992
Batch size: 46
Time:  1003.2778601646423
Batch size: 47
Time:  1010.3582572937012
Batch size: 48
Time:  994.5975885391235
Batch size: 49
Time:  998.0002195835114
Batch size: 50
Time:  994.965253829956
Batch size: 51
Time:  1001.8435504436493
Batch size: 52
Time:  1009.7825658321381
Batch size: 53
Time:  1004.8995761871338
Batch size: 54
Time:  1008.1205983161926
Batch size: 55
Time:  1000.1937966346741
Batch size: 56
Time:  1006.5427966117859
Batch size: 57
Time:  997.4126486778259
Batch size: 58
Time:  1002.6276981830597
Batch size: 59
Time:  996.0587055683136
Batch size: 60
