
Due to MODULEPATH changes, the following have been reloaded:
  1) mii/1.1.2

The following have been reloaded with a version change:
  1) StdEnv/2023 => StdEnv/2020
  2) blis/0.9.0 => blis/0.8.1
  3) flexiblas/3.3.1 => flexiblas/3.0.4
  4) gcccore/.12.3 => gcccore/.9.3.0
  5) gentoo/2023 => gentoo/2020
  6) libfabric/1.18.0 => libfabric/1.10.1
  7) openmpi/4.1.5 => openmpi/4.0.3
  8) pmix/4.2.4 => pmix/3.1.5
  9) ucx/1.14.1 => ucx/1.8.0

Start...
Batch size: 1
Time:  981.5261988639832
Batch size: 2
Time:  693.1972880363464
Batch size: 3
Time:  671.7947843074799
Batch size: 4
Time:  712.589114189148
Batch size: 5
Time:  688.7864425182343
Batch size: 6
Time:  649.2323338985443
Batch size: 7
Time:  663.4291231632233
Batch size: 8
Time:  665.4412512779236
Batch size: 9
Time:  653.635466337204
Batch size: 10
Time:  672.7100155353546
Batch size: 11
Time:  641.4425623416901
Batch size: 12
Time:  643.8486986160278
Batch size: 13
Time:  651.6779437065125
Batch size: 14
Time:  658.2583770751953
Batch size: 15
Time:  663.5010538101196
Batch size: 16
Time:  632.2519385814667
Batch size: 17
Time:  625.4060695171356
Batch size: 18
Time:  632.0874495506287
Batch size: 19
Time:  619.6185801029205
Batch size: 20
Time:  631.7777650356293
Batch size: 21
Time:  609.2091593742371
Batch size: 22
Time:  629.0697450637817
Batch size: 23
Time:  622.3990485668182
Batch size: 24
Time:  631.7926032543182
Batch size: 25
Time:  625.7021143436432
Batch size: 26
Time:  629.9893555641174
Batch size: 27
Time:  627.1781477928162
Batch size: 28
Time:  630.4372131824493
Batch size: 29
Time:  629.0233969688416
Batch size: 30
Time:  633.9833002090454
Batch size: 31
Time:  628.3776280879974
Batch size: 32
Time:  618.0568604469299
Batch size: 33
Time:  624.4720416069031
Batch size: 34
Time:  619.6086835861206
Batch size: 35
Time:  628.1670548915863
Batch size: 36
Time:  623.1256828308105
Batch size: 37
Time:  625.9814727306366
Batch size: 38
Time:  621.434788942337
Batch size: 39
Time:  631.3401515483856
