
Due to MODULEPATH changes, the following have been reloaded:
  1) mii/1.1.2

The following have been reloaded with a version change:
  1) StdEnv/2023 => StdEnv/2020
  2) blis/0.9.0 => blis/0.8.1
  3) flexiblas/3.3.1 => flexiblas/3.0.4
  4) gcccore/.12.3 => gcccore/.9.3.0
  5) gentoo/2023 => gentoo/2020
  6) libfabric/1.18.0 => libfabric/1.10.1
  7) openmpi/4.1.5 => openmpi/4.0.3
  8) pmix/4.2.4 => pmix/3.1.5
  9) ucx/1.14.1 => ucx/1.8.0

Start...
Batch size: 1
Time:  1075.425624847412
Batch size: 2
Time:  845.9495260715485
Batch size: 3
Time:  760.9694662094116
Batch size: 4
Time:  738.5110113620758
Batch size: 5
Time:  727.5295433998108
Batch size: 6
Time:  715.9013094902039
Batch size: 7
Time:  730.425591468811
Batch size: 8
Time:  754.2097344398499
Batch size: 9
Time:  743.9075772762299
Batch size: 10
Time:  748.8835437297821
Batch size: 11
Time:  751.8430020809174
Batch size: 12
Time:  756.07124376297
Batch size: 13
Time:  770.8429605960846
Batch size: 14
Time:  747.6921830177307
Batch size: 15
Time:  756.7086408138275
Batch size: 16
Time:  664.9052278995514
Batch size: 17
Time:  627.7024128437042
Batch size: 18
Time:  633.4386215209961
Batch size: 19
Time:  623.9895009994507
Batch size: 20
Time:  635.1615779399872
Batch size: 21
Time:  621.5203297138214
Batch size: 22
Time:  636.8792576789856
Batch size: 23
Time:  646.1698365211487
Batch size: 24
Time:  672.1655883789062
Batch size: 25
Time:  666.2633578777313
Batch size: 26
Time:  673.2830917835236
Batch size: 27
Time:  671.3502020835876
Batch size: 28
Time:  676.2561023235321
Batch size: 29
Time:  638.0504386425018
Batch size: 30
Time:  660.8846054077148
Batch size: 31
Time:  664.9907817840576
Batch size: 32
Time:  650.7344965934753
Batch size: 33
Time:  653.6894993782043
Batch size: 34
Time:  649.4774689674377
Batch size: 35
Time:  654.6908011436462
Batch size: 36
Time:  649.8645756244659
Batch size: 37
Time:  640.9412071704865
Batch size: 38
Time:  651.4564337730408
Batch size: 39
Time:  666.7656018733978
