
Due to MODULEPATH changes, the following have been reloaded:
  1) mii/1.1.2

The following have been reloaded with a version change:
  1) StdEnv/2023 => StdEnv/2020
  2) blis/0.9.0 => blis/0.8.1
  3) flexiblas/3.3.1 => flexiblas/3.0.4
  4) gcccore/.12.3 => gcccore/.9.3.0
  5) gentoo/2023 => gentoo/2020
  6) libfabric/1.18.0 => libfabric/1.10.1
  7) openmpi/4.1.5 => openmpi/4.0.3
  8) pmix/4.2.4 => pmix/3.1.5
  9) ucx/1.14.1 => ucx/1.8.0

Start...
Batch size: 1
Time:  1031.4889826774597
Batch size: 2
Time:  786.5798995494843
Batch size: 3
Time:  725.6684312820435
Batch size: 4
Time:  803.6101105213165
Batch size: 5
Time:  806.8953285217285
Batch size: 6
Time:  700.0812194347382
Batch size: 7
Time:  741.2184855937958
Batch size: 8
Time:  716.4865942001343
Batch size: 9
Time:  732.3988125324249
Batch size: 10
Time:  725.1332919597626
Batch size: 11
Time:  723.5622735023499
Batch size: 12
Time:  708.8401358127594
Batch size: 13
Time:  722.9479324817657
Batch size: 14
Time:  703.3558571338654
Batch size: 15
Time:  703.4867758750916
Batch size: 16
Time:  703.2811806201935
Batch size: 17
Time:  695.276449918747
Batch size: 18
Time:  698.5150175094604
Batch size: 19
Time:  696.7544357776642
Batch size: 20
Time:  700.7392501831055
Batch size: 21
Time:  694.0267190933228
Batch size: 22
Time:  700.3196446895599
Batch size: 23
Time:  694.6175804138184
Batch size: 24
Time:  698.0238153934479
Batch size: 25
Time:  692.3145864009857
Batch size: 26
Time:  697.931086063385
Batch size: 27
Time:  695.3706431388855
Batch size: 28
Time:  696.8991839885712
Batch size: 29
Time:  695.308189868927
Batch size: 30
Time:  697.7553136348724
Batch size: 31
Time:  696.2076907157898
Batch size: 32
Time:  682.8361322879791
Batch size: 33
Time:  688.0001456737518
Batch size: 34
Time:  682.7301993370056
Batch size: 35
Time:  693.1564919948578
Batch size: 36
Time:  686.7527949810028
Batch size: 37
Time:  685.8592410087585
Batch size: 38
Time:  682.7382838726044
Batch size: 39
Time:  687.8047671318054
