
Due to MODULEPATH changes, the following have been reloaded:
  1) mii/1.1.2

The following have been reloaded with a version change:
  1) StdEnv/2023 => StdEnv/2020
  2) blis/0.9.0 => blis/0.8.1
  3) flexiblas/3.3.1 => flexiblas/3.0.4
  4) gcccore/.12.3 => gcccore/.9.3.0
  5) gentoo/2023 => gentoo/2020
  6) libfabric/1.18.0 => libfabric/1.10.1
  7) openmpi/4.1.5 => openmpi/4.0.3
  8) pmix/4.2.4 => pmix/3.1.5
  9) ucx/1.14.1 => ucx/1.8.0

Start...
Batch size: 40
Time:  994.028731584549
Batch size: 41
Time:  989.8940033912659
Batch size: 42
Time:  982.6149394512177
Batch size: 43
Time:  1000.4975292682648
Batch size: 44
Time:  999.5798120498657
Batch size: 45
Time:  997.8060340881348
Batch size: 46
Time:  994.2522075176239
Batch size: 47
Time:  1007.696742773056
Batch size: 48
Time:  993.9967288970947
Batch size: 49
Time:  992.3841648101807
Batch size: 50
Time:  993.3004145622253
Batch size: 51
Time:  1001.3537843227386
Batch size: 52
Time:  1008.3836042881012
Batch size: 53
Time:  1003.7281262874603
Batch size: 54
Time:  1005.9057302474976
Batch size: 55
Time:  1000.3093693256378
Batch size: 56
Time:  1005.2006163597107
Batch size: 57
Time:  996.0530571937561
Batch size: 58
Time:  1002.2316753864288
Batch size: 59
Time:  996.653329372406
Batch size: 60
