
Due to MODULEPATH changes, the following have been reloaded:
  1) mii/1.1.2

The following have been reloaded with a version change:
  1) StdEnv/2023 => StdEnv/2020
  2) blis/0.9.0 => blis/0.8.1
  3) flexiblas/3.3.1 => flexiblas/3.0.4
  4) gcccore/.12.3 => gcccore/.9.3.0
  5) gentoo/2023 => gentoo/2020
  6) libfabric/1.18.0 => libfabric/1.10.1
  7) openmpi/4.1.5 => openmpi/4.0.3
  8) pmix/4.2.4 => pmix/3.1.5
  9) ucx/1.14.1 => ucx/1.8.0

Start...
Batch size: 1
Time:  982.3897831439972
Batch size: 2
Time:  784.480471611023
Batch size: 3
Time:  699.4168004989624
Batch size: 4
Time:  650.446928024292
Batch size: 5
Time:  667.368022441864
Batch size: 6
Time:  652.6576564311981
Batch size: 7
Time:  641.972583770752
Batch size: 8
Time:  636.4803440570831
Batch size: 9
Time:  652.0857372283936
Batch size: 10
Time:  649.5617949962616
Batch size: 11
Time:  648.9345595836639
Batch size: 12
Time:  651.3997807502747
Batch size: 13
Time:  652.2210972309113
Batch size: 14
Time:  647.4451310634613
Batch size: 15
Time:  656.8648064136505
Batch size: 16
Time:  632.6478021144867
Batch size: 17
Time:  621.1833527088165
Batch size: 18
Time:  627.3610563278198
Batch size: 19
Time:  623.9079706668854
Batch size: 20
Time:  634.1551587581635
Batch size: 21
Time:  619.6664090156555
Batch size: 22
Time:  630.9385545253754
Batch size: 23
Time:  624.3956789970398
Batch size: 24
Time:  636.2340259552002
Batch size: 25
Time:  628.3336732387543
Batch size: 26
Time:  634.4937360286713
Batch size: 27
Time:  631.7718224525452
Batch size: 28
Time:  635.8007955551147
Batch size: 29
Time:  634.0586595535278
Batch size: 30
Time:  627.3808407783508
Batch size: 31
Time:  641.4521598815918
Batch size: 32
Time:  617.6287984848022
Batch size: 33
Time:  621.6237161159515
Batch size: 34
Time:  620.4935147762299
Batch size: 35
Time:  629.1299452781677
Batch size: 36
Time:  623.2483203411102
Batch size: 37
Time:  645.0709919929504
Batch size: 38
Time:  633.2103860378265
Batch size: 39
Time:  651.0804958343506
