
Due to MODULEPATH changes, the following have been reloaded:
  1) mii/1.1.2

The following have been reloaded with a version change:
  1) StdEnv/2023 => StdEnv/2020
  2) blis/0.9.0 => blis/0.8.1
  3) flexiblas/3.3.1 => flexiblas/3.0.4
  4) gcccore/.12.3 => gcccore/.9.3.0
  5) gentoo/2023 => gentoo/2020
  6) libfabric/1.18.0 => libfabric/1.10.1
  7) openmpi/4.1.5 => openmpi/4.0.3
  8) pmix/4.2.4 => pmix/3.1.5
  9) ucx/1.14.1 => ucx/1.8.0

Start...
Batch size: 40
Time:  996.1951427459717
Batch size: 41
Time:  1002.0246295928955
Batch size: 42
Time:  1000.7478315830231
Batch size: 43
Time:  1004.0357844829559
Batch size: 44
Time:  1004.742173910141
Batch size: 45
Time:  1004.0745866298676
Batch size: 46
Time:  1005.0036339759827
Batch size: 47
Time:  1012.0477900505066
Batch size: 48
Time:  1004.1431205272675
Batch size: 49
Time:  1005.2657279968262
Batch size: 50
Time:  1003.7399594783783
Batch size: 51
Time:  1004.1152894496918
Batch size: 52
Time:  1009.770810842514
Batch size: 53
Time:  1002.6792840957642
Batch size: 54
Time:  1004.8197436332703
Batch size: 55
Time:  1005.8200259208679
Batch size: 56
Time:  1007.845885515213
Batch size: 57
Time:  1012.9759633541107
Batch size: 58
Time:  1008.9918715953827
Batch size: 59
Time:  1002.5537838935852
Batch size: 60
