
Due to MODULEPATH changes, the following have been reloaded:
  1) mii/1.1.2

The following have been reloaded with a version change:
  1) StdEnv/2023 => StdEnv/2020
  2) blis/0.9.0 => blis/0.8.1
  3) flexiblas/3.3.1 => flexiblas/3.0.4
  4) gcccore/.12.3 => gcccore/.9.3.0
  5) gentoo/2023 => gentoo/2020
  6) libfabric/1.18.0 => libfabric/1.10.1
  7) openmpi/4.1.5 => openmpi/4.0.3
  8) pmix/4.2.4 => pmix/3.1.5
  9) ucx/1.14.1 => ucx/1.8.0

Start...
Batch size: 40
Time:  999.2186183929443
Batch size: 41
Time:  996.5169668197632
Batch size: 42
Time:  998.2248556613922
Batch size: 43
Time:  1006.5547604560852
Batch size: 44
Time:  1005.9666457176208
Batch size: 45
Time:  1012.1887738704681
Batch size: 46
Time:  1012.1405162811279
Batch size: 47
Time:  1015.3770904541016
Batch size: 48
Time:  1007.3677372932434
Batch size: 49
Time:  1007.4975035190582
Batch size: 50
Time:  1006.286637544632
Batch size: 51
Time:  1000.3966341018677
Batch size: 52
Time:  994.8384909629822
Batch size: 53
Time:  989.0816106796265
Batch size: 54
Time:  995.5193085670471
Batch size: 55
Time:  1001.7582175731659
Batch size: 56
Time:  1001.2524387836456
Batch size: 57
Time:  1000.2498605251312
Batch size: 58
Time:  1001.6043660640717
Batch size: 59
Time:  993.1732866764069
Batch size: 60
