
Due to MODULEPATH changes, the following have been reloaded:
  1) mii/1.1.2

The following have been reloaded with a version change:
  1) StdEnv/2023 => StdEnv/2020
  2) blis/0.9.0 => blis/0.8.1
  3) flexiblas/3.3.1 => flexiblas/3.0.4
  4) gcccore/.12.3 => gcccore/.9.3.0
  5) gentoo/2023 => gentoo/2020
  6) libfabric/1.18.0 => libfabric/1.10.1
  7) openmpi/4.1.5 => openmpi/4.0.3
  8) pmix/4.2.4 => pmix/3.1.5
  9) ucx/1.14.1 => ucx/1.8.0

Start...
Batch size: 40
Time:  998.1601455211639
Batch size: 41
Time:  996.5878200531006
Batch size: 42
Time:  992.4107398986816
Batch size: 43
Time:  1005.154904127121
Batch size: 44
Time:  1000.0938053131104
Batch size: 45
Time:  1012.0034909248352
Batch size: 46
Time:  1011.6342401504517
Batch size: 47
Time:  1015.2561995983124
Batch size: 48
Time:  1007.249754190445
Batch size: 49
Time:  1007.0819993019104
Batch size: 50
Time:  1006.1795117855072
Batch size: 51
Time:  1000.2144529819489
Batch size: 52
Time:  994.6518106460571
Batch size: 53
Time:  988.6101250648499
Batch size: 54
Time:  994.9890818595886
Batch size: 55
Time:  1001.7880465984344
Batch size: 56
Time:  1001.0742061138153
Batch size: 57
Time:  999.7687397003174
Batch size: 58
Time:  1001.5118370056152
Batch size: 59
Time:  993.1151058673859
Batch size: 60
