
Due to MODULEPATH changes, the following have been reloaded:
  1) mii/1.1.2

The following have been reloaded with a version change:
  1) StdEnv/2023 => StdEnv/2020
  2) blis/0.9.0 => blis/0.8.1
  3) flexiblas/3.3.1 => flexiblas/3.0.4
  4) gcccore/.12.3 => gcccore/.9.3.0
  5) gentoo/2023 => gentoo/2020
  6) libfabric/1.18.0 => libfabric/1.10.1
  7) openmpi/4.1.5 => openmpi/4.0.3
  8) pmix/4.2.4 => pmix/3.1.5
  9) ucx/1.14.1 => ucx/1.8.0

Start...
Batch size: 1
Time:  987.7159883975983
Batch size: 2
Time:  780.0411965847015
Batch size: 3
Time:  704.3563950061798
Batch size: 4
Time:  657.5024676322937
Batch size: 5
Time:  658.3451678752899
Batch size: 6
Time:  658.7878131866455
Batch size: 7
Time:  650.1304430961609
Batch size: 8
Time:  646.3272533416748
Batch size: 9
Time:  625.1689209938049
Batch size: 10
Time:  618.3059809207916
Batch size: 11
Time:  622.2216103076935
Batch size: 12
Time:  634.9399251937866
Batch size: 13
Time:  645.9641807079315
Batch size: 14
Time:  641.8964326381683
Batch size: 15
Time:  660.3239467144012
Batch size: 16
Time:  613.366208076477
Batch size: 17
Time:  619.9386165142059
Batch size: 18
Time:  635.1280043125153
Batch size: 19
Time:  612.4125962257385
Batch size: 20
Time:  612.7829163074493
Batch size: 21
Time:  606.5623335838318
Batch size: 22
Time:  624.7809729576111
Batch size: 23
Time:  621.1743221282959
Batch size: 24
Time:  625.8558750152588
Batch size: 25
Time:  634.6409487724304
Batch size: 26
Time:  644.4323620796204
Batch size: 27
Time:  644.7539060115814
Batch size: 28
Time:  655.3569793701172
Batch size: 29
Time:  644.8078992366791
Batch size: 30
Time:  651.0202054977417
Batch size: 31
Time:  642.2327218055725
Batch size: 32
Time:  630.7867059707642
Batch size: 33
Time:  642.0110313892365
Batch size: 34
Time:  633.446681022644
Batch size: 35
Time:  643.2055070400238
Batch size: 36
Time:  644.0067081451416
Batch size: 37
Time:  633.7617704868317
Batch size: 38
Time:  633.3990006446838
Batch size: 39
Time:  644.019047498703
